生成启动时间为 2017/12/17 11:13:43。
     1>项目“c:\Users\aaa\documents\visual studio 2010\Projects\c-exercise-100\c-exercise-100\c-exercise-100.vcxproj”在节点 2 上(build 个目标)。
     1>InitializeBuildStatus:
         正在创建“Debug\c-exercise-100.unsuccessfulbuild”，因为已指定“AlwaysCreate”。
       ClCompile:
         所有输出均为最新。
         所有输出均为最新。
       ManifestResourceCompile:
         所有输出均为最新。
       Link:
         C:\Program Files (x86)\Microsoft Visual Studio 10.0\VC\bin\link.exe /ERRORREPORT:PROMPT /OUT:"c:\users\aaa\documents\visual studio 2010\Projects\c-exercise-100\Debug\c-exercise-100.exe" /INCREMENTAL /NOLOGO kernel32.lib user32.lib gdi32.lib winspool.lib comdlg32.lib advapi32.lib shell32.lib ole32.lib oleaut32.lib uuid.lib odbc32.lib odbccp32.lib /MANIFEST /ManifestFile:"Debug\c-exercise-100.exe.intermediate.manifest" /MANIFESTUAC:"level='asInvoker' uiAccess='false'" /DEBUG /PDB:"c:\users\aaa\documents\visual studio 2010\Projects\c-exercise-100\Debug\c-exercise-100.pdb" /SUBSYSTEM:CONSOLE /TLBID:1 /DYNAMICBASE /NXCOMPAT /IMPLIB:"c:\users\aaa\documents\visual studio 2010\Projects\c-exercise-100\Debug\c-exercise-100.lib" /MACHINE:X86 "Debug\c-exercise-100.exe.embed.manifest.res"
         Debug\exercise5.obj
         Debug\stdafx.obj
       Manifest:
         C:\Program Files (x86)\Microsoft SDKs\Windows\v7.0A\bin\mt.exe /nologo /verbose /out:"Debug\c-exercise-100.exe.embed.manifest" /manifest "Debug\c-exercise-100.exe.intermediate.manifest"
         所有输出均为最新。
       LinkEmbedManifest:
         所有输出均为最新。
         c-exercise-100.vcxproj -> c:\users\aaa\documents\visual studio 2010\Projects\c-exercise-100\Debug\c-exercise-100.exe
       FinalizeBuildStatus:
         正在删除文件“Debug\c-exercise-100.unsuccessfulbuild”。
         正在对“Debug\c-exercise-100.lastbuildstate”执行 Touch 任务。
     1>已完成生成项目“c:\Users\aaa\documents\visual studio 2010\Projects\c-exercise-100\c-exercise-100\c-exercise-100.vcxproj”(build 个目标)的操作。

生成成功。

已用时间 00:00:00.50
